<?xml version="1.0" encoding="UTF-8"?>
<!-- Generated by org.testng.reporters.JUnitReportReporter -->
<testsuite hostname="DESKTOP-I05R681" failures="0" tests="1" name="baseRestAPIcallingConcept.PostClass" time="3.541" errors="0" timestamp="2020-04-29T10:19:58 AEST" skipped="0">
  <testcase classname="baseRestAPIcallingConcept.PostClass" name="postCall" time="3.541"/>
  <system-out/>
</testsuite> <!-- baseRestAPIcallingConcept.PostClass -->
