<?xml version="1.0" encoding="UTF-8"?>
<!-- Generated by org.testng.reporters.JUnitReportReporter -->
<testsuite hostname="QANPF0YSYRF" name="restAPI.GetData" tests="3" failures="0" timestamp="5 Apr 2020 08:00:18 GMT" time="8.464" errors="0">
  <testcase name="getCall" time="2.646" classname="restAPI.GetData"/>
  <testcase name="testResponseBody" time="3.082" classname="restAPI.GetData"/>
  <testcase name="testResponseCode" time="2.736" classname="restAPI.GetData"/>
</testsuite> <!-- restAPI.GetData -->
