<?xml version="1.0" encoding="UTF-8"?>
<!-- Generated by org.testng.reporters.JUnitReportReporter -->
<testsuite hostname="DESKTOP-I05R681" failures="0" tests="1" name="testSoapServices.XML_HttpConnection" time="1.502" errors="0" timestamp="2020-04-30T14:11:59 AEST" skipped="0">
  <testcase classname="testSoapServices.XML_HttpConnection" name="sendXML_SOAP_Data" time="1.502"/>
  <system-out/>
</testsuite> <!-- testSoapServices.XML_HttpConnection -->
