<?xml version="1.0" encoding="UTF-8"?>
<!-- Generated by org.testng.reporters.JUnitReportReporter -->
<testsuite hostname="QANPF0YSYRF" name="restAPI.DeleteClass" tests="1" failures="0" timestamp="5 Apr 2020 08:45:05 GMT" time="1.778" errors="0">
  <testcase name="deleteCall" time="1.778" classname="restAPI.DeleteClass"/>
</testsuite> <!-- restAPI.DeleteClass -->
