<?xml version="1.0" encoding="UTF-8"?>
<!-- Generated by org.testng.reporters.JUnitReportReporter -->
<testsuite hostname="DESKTOP-I05R681" failures="0" tests="1" name="testSoapServices.Send_XML_Data" time="0.609" errors="0" timestamp="2020-04-28T15:27:32 AEST" skipped="0">
  <testcase classname="testSoapServices.Send_XML_Data" name="sendXML_SOAP_Data" time="0.609"/>
  <system-out/>
</testsuite> <!-- testSoapServices.Send_XML_Data -->
