<?xml version="1.0" encoding="UTF-8"?>
<!-- Generated by org.testng.reporters.JUnitReportReporter -->
<testsuite hostname="DESKTOP-I05R681" failures="0" tests="2" name="apiAuthConcept.OAuth2_Concept" time="5.574" errors="0" timestamp="2020-04-29T13:19:25 AEST" skipped="0">
  <testcase classname="apiAuthConcept.OAuth2_Concept" name="accessAuthorisedEndpoint" time="3.931"/>
  <system-out/>
  <testcase classname="apiAuthConcept.OAuth2_Concept" name="accessUnAuthorisedEndpoint" time="1.643"/>
  <system-out/>
</testsuite> <!-- apiAuthConcept.OAuth2_Concept -->
