<?xml version="1.0" encoding="UTF-8"?>
<!-- Generated by org.testng.reporters.JUnitReportReporter -->
<testsuite hostname="QANPF0YSYRF" name="restAPI.PostClass" tests="1" failures="0" timestamp="5 Apr 2020 08:48:25 GMT" time="2.188" errors="0">
  <testcase name="postCall" time="2.188" classname="restAPI.PostClass"/>
</testsuite> <!-- restAPI.PostClass -->
