<?xml version="1.0" encoding="UTF-8"?>
<!-- Generated by org.testng.reporters.JUnitReportReporter -->
<testsuite hostname="QANPF0YSYRF" name="getRequest.GetData" tests="2" failures="0" timestamp="4 Apr 2020 10:28:42 GMT" time="8.909" errors="0">
  <testcase name="testResponseBody" time="6.177" classname="getRequest.GetData"/>
  <testcase name="testResponseCode" time="2.732" classname="getRequest.GetData"/>
</testsuite> <!-- getRequest.GetData -->
