<?xml version="1.0" encoding="UTF-8"?>
<!-- Generated by org.testng.reporters.JUnitReportReporter -->
<testsuite hostname="QANPF0YSYRF" name="restAPI.CheckAuth" tests="1" failures="0" timestamp="5 Apr 2020 07:28:14 GMT" time="2.048" errors="0">
  <testcase name="happyAuthCheck" time="2.048" classname="restAPI.CheckAuth"/>
</testsuite> <!-- restAPI.CheckAuth -->
