<?xml version="1.0" encoding="UTF-8"?>
<!-- Generated by org.testng.reporters.JUnitReportReporter -->
<testsuite hostname="DESKTOP-I05R681" failures="0" tests="1" name="testSoapServices.XML_FilePayload" time="3.022" errors="0" timestamp="2020-04-30T14:14:44 AEST" skipped="0">
  <testcase classname="testSoapServices.XML_FilePayload" name="sendXMLpayload" time="3.022"/>
  <system-out/>
</testsuite> <!-- testSoapServices.XML_FilePayload -->
