<?xml version="1.0" encoding="UTF-8"?>
<!-- Generated by org.testng.reporters.JUnitReportReporter -->
<testsuite hostname="DESKTOP-I05R681" failures="0" tests="1" name="apiAuthConcept.BasicAuthConcept" time="2.317" errors="0" timestamp="2020-04-28T15:27:32 AEST" skipped="0">
  <testcase classname="apiAuthConcept.BasicAuthConcept" name="basicWay" time="2.317"/>
  <system-out/>
</testsuite> <!-- apiAuthConcept.BasicAuthConcept -->
