<?xml version="1.0" encoding="UTF-8"?>
<!-- Generated by org.testng.reporters.JUnitReportReporter -->
<testsuite hostname="DESKTOP-EM38F1O" failures="0" tests="1" name="dockerDemo.MFFdemo" time="20.359" errors="0" timestamp="2020-09-09T16:29:27 AEST" skipped="0">
  <testcase classname="dockerDemo.MFFdemo" name="firefoxApp" time="20.359"/>
  <system-out/>
</testsuite> <!-- dockerDemo.MFFdemo -->
