<?xml version="1.0" encoding="UTF-8"?>
<!-- Generated by org.testng.reporters.JUnitReportReporter -->
<testsuite hostname="DESKTOP-I05R681" failures="0" tests="1" name="baseRestAPIcallingConcept.PutClass" time="3.913" errors="0" timestamp="2020-04-29T10:25:59 AEST" skipped="0">
  <testcase classname="baseRestAPIcallingConcept.PutClass" name="postCall" time="3.913"/>
  <system-out/>
</testsuite> <!-- baseRestAPIcallingConcept.PutClass -->
