<?xml version="1.0" encoding="UTF-8"?>
<!-- Generated by org.testng.reporters.JUnitReportReporter -->
<testsuite hostname="QANPF0YSYRF" name="restAPI.PutClass" tests="1" failures="0" timestamp="5 Apr 2020 08:49:03 GMT" time="2.077" errors="0">
  <testcase name="postCall" time="2.077" classname="restAPI.PutClass"/>
</testsuite> <!-- restAPI.PutClass -->
