<?xml version="1.0" encoding="UTF-8"?>
<!-- Generated by org.testng.reporters.JUnitReportReporter -->
<testsuite hostname="DESKTOP-I05R681" failures="0" tests="3" name="baseRestAPIcallingConcept.GetClass" time="4.747" errors="0" timestamp="2020-04-29T11:36:05 AEST" skipped="0">
  <testcase classname="baseRestAPIcallingConcept.GetClass" name="testCAllResponse" time="2.590"/>
  <system-out/>
  <testcase classname="baseRestAPIcallingConcept.GetClass" name="testResponseCode" time="0.999"/>
  <system-out/>
  <testcase classname="baseRestAPIcallingConcept.GetClass" name="testResponseBody" time="1.158"/>
  <system-out/>
</testsuite> <!-- baseRestAPIcallingConcept.GetClass -->
