<?xml version="1.0" encoding="UTF-8"?>
<!-- Generated by org.testng.reporters.JUnitReportReporter -->
<testsuite hostname="DESKTOP-I05R681" failures="0" tests="1" name="baseRestAPIcallingConcept.DeleteClass" time="3.533" errors="0" timestamp="2020-04-29T10:27:45 AEST" skipped="0">
  <testcase classname="baseRestAPIcallingConcept.DeleteClass" name="deleteCall" time="3.533"/>
  <system-out/>
</testsuite> <!-- baseRestAPIcallingConcept.DeleteClass -->
