<?xml version="1.0" encoding="UTF-8"?>
<!-- Generated by org.testng.reporters.JUnitReportReporter -->
<testsuite hostname="DESKTOP-EM38F1O" failures="0" tests="1" name="dockerDemo.GCdemo" time="42.847" errors="0" timestamp="2020-09-11T16:04:37 AEST" skipped="0">
  <testcase classname="dockerDemo.GCdemo" name="ChromeApp" time="42.847"/>
  <system-out/>
</testsuite> <!-- dockerDemo.GCdemo -->
